2024.01.05 17:03:28 INFO  Started: Metals version 1.2.0 in folders '/Users/gabinmberikongo/code/post/1brc' for client Visual Studio Code 1.85.1.
2024.01.05 17:03:30 WARN  Build server is not auto-connectable.
2024.01.05 17:03:30 WARN  no build tool detected in workspace '/Users/gabinmberikongo/code/post/1brc'. The most common cause for this problem is that the editor was opened in the wrong working directory, for example if you use sbt then the workspace directory should contain build.sbt. 
2024.01.05 17:03:30 WARN  no build target for: /Users/gabinmberikongo/code/post/1brc/scala/avarage/src/main/scala/averageCalculus.scala
Jan 05, 2024 5:03:30 PM org.eclipse.lsp4j.jsonrpc.RemoteEndpoint handleCancellation
WARNING: Unmatched cancel notification for request id 1
Jan 05, 2024 5:03:30 PM org.eclipse.lsp4j.jsonrpc.RemoteEndpoint handleCancellation
WARNING: Unmatched cancel notification for request id 4
2024.01.05 17:03:41 INFO  no build target found for /Users/gabinmberikongo/code/post/1brc/scala/avarage/src/main/scala/averageCalculus.scala. Using presentation compiler with project's scala-library version: 3.3.1
Jan 05, 2024 5:03:41 PM org.eclipse.lsp4j.jsonrpc.RemoteEndpoint handleCancellation
WARNING: Unmatched cancel notification for request id 16
Jan 05, 2024 5:03:41 PM org.eclipse.lsp4j.jsonrpc.RemoteEndpoint handleCancellation
WARNING: Unmatched cancel notification for request id 25
2024.01.05 17:03:47 WARN  no build target for: /Users/gabinmberikongo/code/post/1brc/scala/avarage/src/main/scala/averageCalculus.scala
2024.01.05 17:03:49 WARN  no build target for: /Users/gabinmberikongo/code/post/1brc/scala/avarage/src/main/scala/averageCalculus.scala
2024.01.05 17:03:51 INFO  time: code lens generation in 20s
2024.01.05 17:03:51 INFO  time: code lens generation in 16s
2024.01.05 17:03:51 INFO  time: code lens generation in 1.5s
2024.01.05 17:03:51 INFO  time: code lens generation in 9.82s
2024.01.05 17:03:51 INFO  time: code lens generation in 2.04s
2024.01.05 17:03:51 INFO  time: code lens generation in 9.67s
2024.01.05 17:03:51 INFO  time: code lens generation in 9.58s
2024.01.05 17:03:51 INFO  time: code lens generation in 9.72s
2024.01.05 17:03:51 INFO  time: code lens generation in 9.56s
